This is pdfTeX, Version 3.14159265-2.6-1.40.17 (MiKTeX 2.9 64-bit) (preloaded format=pdflatex 2016.6.9)  27 FEB 2017 15:16
entering extended mode
**./main.tex
(main.tex
LaTeX2e <2016/03/31>
Babel <3.9r> and hyphenation patterns for 75 language(s) loaded.
\@input{header.aux}
\openout2 = `header.aux'.

(header.tex ("C:\Program Files\MiKTeX 2.9\tex\latex\base\book.cls"
Document Class: book 2014/09/29 v1.4h Standard LaTeX document class
("C:\Program Files\MiKTeX 2.9\tex\latex\base\bk11.clo"
File: bk11.clo 2014/09/29 v1.4h Standard LaTeX file (size option)
)
\c@part=\count79
\c@chapter=\count80
\c@section=\count81
\c@subsection=\count82
\c@subsubsection=\count83
\c@paragraph=\count84
\c@subparagraph=\count85
\c@figure=\count86
\c@table=\count87
\abovecaptionskip=\skip41
\belowcaptionskip=\skip42
\bibindent=\dimen102
)
("C:\Program Files\MiKTeX 2.9\tex\latex\geometry\geometry.sty"
Package: geometry 2010/09/12 v5.6 Page Geometry

("C:\Program Files\MiKTeX 2.9\tex\latex\graphics\keyval.sty"
Package: keyval 2014/10/28 v1.15 key=value parser (DPC)
\KV@toks@=\toks14
)
("C:\Program Files\MiKTeX 2.9\tex\generic\oberdiek\ifpdf.sty"
Package: ifpdf 2016/05/14 v3.1 Provides the ifpdf switch
)
("C:\Program Files\MiKTeX 2.9\tex\generic\oberdiek\ifvtex.sty"
Package: ifvtex 2016/05/16 v1.6 Detect VTeX and its facilities (HO)
Package ifvtex Info: VTeX not detected.
)
("C:\Program Files\MiKTeX 2.9\tex\generic\ifxetex\ifxetex.sty"
Package: ifxetex 2010/09/12 v0.6 Provides ifxetex conditional
)
\Gm@cnth=\count88
\Gm@cntv=\count89
\c@Gm@tempcnt=\count90
\Gm@bindingoffset=\dimen103
\Gm@wd@mp=\dimen104
\Gm@odd@mp=\dimen105
\Gm@even@mp=\dimen106
\Gm@layoutwidth=\dimen107
\Gm@layoutheight=\dimen108
\Gm@layouthoffset=\dimen109
\Gm@layoutvoffset=\dimen110
\Gm@dimlist=\toks15

("C:\Program Files\MiKTeX 2.9\tex\latex\geometry\geometry.cfg"))
("C:\Program Files\MiKTeX 2.9\tex\generic\babel\babel.sty"
Package: babel 2016/04/23 3.9r The Babel package

*************************************
* Local config file bblopts.cfg used
*
(C:\Users\ktkachuk\AppData\Roaming\MiKTeX\2.9\tex\latex\arabi\bblopts.cfg
File: bblopts.cfg 2005/09/08 v0.1 add Arabic and Farsi to "declared" options of
 babel
)
("C:\Program Files\MiKTeX 2.9\tex\latex\babel-german\ngerman.ldf"
Language: ngerman 2013/12/13 v2.7 German support for babel (new orthography)

("C:\Program Files\MiKTeX 2.9\tex\latex\babel-german\ngermanb.ldf"
Language: ngermanb 2013/12/13 v2.7 German support for babel (new orthography)

("C:\Program Files\MiKTeX 2.9\tex\generic\babel\babel.def"
File: babel.def 2016/04/23 3.9r Babel common definitions
\babel@savecnt=\count91
\U@D=\dimen111
)
\l@naustrian = a dialect from \language\l@ngerman 
\l@nswissgerman = a dialect from \language\l@ngerman 
Package babel Info: Making " an active character on input line 88.
))
("C:\Program Files\MiKTeX 2.9\tex\latex\babel-german\german.ldf"
Language: german 2014/10/10 v2.7b German support for babel (traditional orthogr
aphy)

("C:\Program Files\MiKTeX 2.9\tex\latex\babel-german\germanb.ldf"
Language: germanb 2014/10/10 v2.7b German support for babel (traditional orthog
raphy)
\l@austrian = a dialect from \language\l@german 
))
("C:\Program Files\MiKTeX 2.9\tex\latex\babel-english\english.ldf"
Language: english 2012/08/20 v3.3p English support from the babel system
\l@canadian = a dialect from \language\l@american 
\l@australian = a dialect from \language\l@british 
\l@newzealand = a dialect from \language\l@british 
))
("C:\Program Files\MiKTeX 2.9\tex\latex\graphics\graphicx.sty"
Package: graphicx 2014/10/28 v1.0g Enhanced LaTeX Graphics (DPC,SPQR)

("C:\Program Files\MiKTeX 2.9\tex\latex\graphics\graphics.sty"
Package: graphics 2016/05/09 v1.0r Standard LaTeX Graphics (DPC,SPQR)

("C:\Program Files\MiKTeX 2.9\tex\latex\graphics\trig.sty"
Package: trig 2016/01/03 v1.10 sin cos tan (DPC)
)
("C:\Program Files\MiKTeX 2.9\tex\latex\00miktex\graphics.cfg"
File: graphics.cfg 2016/01/02 v1.10 sample graphics configuration
)
Package graphics Info: Driver file: pdftex.def on input line 96.

("C:\Program Files\MiKTeX 2.9\tex\latex\pdftex-def\pdftex.def"
File: pdftex.def 2011/05/27 v0.06d Graphics/color for pdfTeX

("C:\Program Files\MiKTeX 2.9\tex\generic\oberdiek\infwarerr.sty"
Package: infwarerr 2016/05/16 v1.4 Providing info/warning/error messages (HO)
)
("C:\Program Files\MiKTeX 2.9\tex\generic\oberdiek\ltxcmds.sty"
Package: ltxcmds 2016/05/16 v1.23 LaTeX kernel commands for general use (HO)
)
\Gread@gobject=\count92
))
\Gin@req@height=\dimen112
\Gin@req@width=\dimen113
)
("C:\Program Files\MiKTeX 2.9\tex\latex\graphics\color.sty"
Package: color 2016/05/09 v1.1c Standard LaTeX Color (DPC)

("C:\Program Files\MiKTeX 2.9\tex\latex\00miktex\color.cfg"
File: color.cfg 2016/01/02 v1.6 sample color configuration
)
Package color Info: Driver file: pdftex.def on input line 144.
)
("C:\Program Files\MiKTeX 2.9\tex\latex\amsmath\amsmath.sty"
Package: amsmath 2016/03/10 v2.15b AMS math features
\@mathmargin=\skip43

For additional information on amsmath, use the `?' option.
("C:\Program Files\MiKTeX 2.9\tex\latex\amsmath\amstext.sty"
Package: amstext 2000/06/29 v2.01 AMS text

("C:\Program Files\MiKTeX 2.9\tex\latex\amsmath\amsgen.sty"
File: amsgen.sty 1999/11/30 v2.0 generic functions
\@emptytoks=\toks16
\ex@=\dimen114
))
("C:\Program Files\MiKTeX 2.9\tex\latex\amsmath\amsbsy.sty"
Package: amsbsy 1999/11/29 v1.2d Bold Symbols
\pmbraise@=\dimen115
)
("C:\Program Files\MiKTeX 2.9\tex\latex\amsmath\amsopn.sty"
Package: amsopn 2016/03/08 v2.02 operator names
)
\inf@bad=\count93
LaTeX Info: Redefining \frac on input line 199.
\uproot@=\count94
\leftroot@=\count95
LaTeX Info: Redefining \overline on input line 297.
\classnum@=\count96
\DOTSCASE@=\count97
LaTeX Info: Redefining \ldots on input line 394.
LaTeX Info: Redefining \dots on input line 397.
LaTeX Info: Redefining \cdots on input line 518.
\Mathstrutbox@=\box26
\strutbox@=\box27
\big@size=\dimen116
LaTeX Font Info:    Redeclaring font encoding OML on input line 634.
LaTeX Font Info:    Redeclaring font encoding OMS on input line 635.
\macc@depth=\count98
\c@MaxMatrixCols=\count99
\dotsspace@=\muskip10
\c@parentequation=\count100
\dspbrk@lvl=\count101
\tag@help=\toks17
\row@=\count102
\column@=\count103
\maxfields@=\count104
\andhelp@=\toks18
\eqnshift@=\dimen117
\alignsep@=\dimen118
\tagshift@=\dimen119
\tagwidth@=\dimen120
\totwidth@=\dimen121
\lineht@=\dimen122
\@envbody=\toks19
\multlinegap=\skip44
\multlinetaggap=\skip45
\mathdisplay@stack=\toks20
LaTeX Info: Redefining \[ on input line 2739.
LaTeX Info: Redefining \] on input line 2740.
)
("C:\Program Files\MiKTeX 2.9\tex\latex\amsfonts\amssymb.sty"
Package: amssymb 2013/01/14 v3.01 AMS font symbols

("C:\Program Files\MiKTeX 2.9\tex\latex\amsfonts\amsfonts.sty"
Package: amsfonts 2013/01/14 v3.01 Basic AMSFonts support
\symAMSa=\mathgroup4
\symAMSb=\mathgroup5
LaTeX Font Info:    Overwriting math alphabet `\mathfrak' in version `bold'
(Font)                  U/euf/m/n --> U/euf/b/n on input line 106.
))
(C:\Users\ktkachuk\AppData\Roaming\MiKTeX\2.9\tex\latex\subfigure\subfigure.sty
Package: subfigure 2002/07/30 v2.1.4 subfigure package
\subfigtopskip=\skip46
\subfigcapskip=\skip47
\subfigcaptopadj=\dimen123
\subfigbottomskip=\skip48
\subfigcapmargin=\dimen124
\subfiglabelskip=\skip49
\c@subfigure=\count105
\c@lofdepth=\count106
\c@subtable=\count107
\c@lotdepth=\count108
****************************************
* Local config file subfigure.cfg used *
****************************************

(C:\Users\ktkachuk\AppData\Roaming\MiKTeX\2.9\tex\latex\subfigure\subfigure.cfg
)
\subfig@top=\skip50
\subfig@bottom=\skip51
)
(C:\Users\ktkachuk\AppData\Roaming\MiKTeX\2.9\tex\latex\ntheorem\ntheorem.sty
Style `ntheorem', Version 1.33 <2011/08/15>
Package: ntheorem 2011/08/15 1.33
("C:\Program Files\MiKTeX 2.9\tex\latex\base\ifthen.sty"
Package: ifthen 2014/09/29 v1.1c Standard LaTeX ifthen package (DPC)
)
\theorem@style=\toks21
\theorem@@style=\toks22
\theorembodyfont=\toks23
\theoremnumbering=\toks24
\theorempreskipamount=\skip52
\theorempostskipamount=\skip53
\theoremframepreskipamount=\skip54
\theoremframepostskipamount=\skip55
\theoreminframepreskipamount=\skip56
\theoreminframepostskipamount=\skip57
\theorem@preskip=\toks25
\theorem@postskip=\toks26
\theorem@framepreskip=\toks27
\theorem@framepostskip=\toks28
\theorem@inframepreskip=\toks29
\theorem@inframepostskip=\toks30
\theoremindent=\dimen125
\theorem@indent=\dimen126
\theoremrightindent=\dimen127
\theorem@rightindent=\dimen128
\theoremheaderfont=\toks31
\theoremseparator=\toks32
\theoremprework=\toks33
\theorempostwork=\toks34
\theoremsymbol=\toks35
\qedsymbol=\toks36
\theoremkeyword=\toks37
\qedsymbol=\toks38
\thm@topsep=\skip58
\thm@topsepadd=\skip59
Package ntheorem Info: Option `thmmarks' loaded on input line 1175.
\c@endNonectr=\count109
\c@currNonectr=\count110
\mysavskip=\skip60
Package ntheorem Info: option `amsmath' handling for `thmmarks' loaded on input
 line 1175.
\thm@amstmpdepth=\dimen129
\tagwidth=\dimen130
)
("C:\Program Files\MiKTeX 2.9\tex\latex\base\inputenc.sty"
Package: inputenc 2015/03/17 v1.2c Input encoding file
\inpenc@prehook=\toks39
\inpenc@posthook=\toks40

("C:\Program Files\MiKTeX 2.9\tex\latex\base\utf8.def"
File: utf8.def 2016/02/28 v1.1s UTF-8 support for inputenc
Now handling font encoding OML ...
... no UTF-8 mapping file for font encoding OML
Now handling font encoding T1 ...
... processing UTF-8 mapping file for font encoding T1

("C:\Program Files\MiKTeX 2.9\tex\latex\base\t1enc.dfu"
File: t1enc.dfu 2016/02/28 v1.1s UTF-8 support for inputenc
   defining Unicode char U+00A0 (decimal 160)
   defining Unicode char U+00A1 (decimal 161)
   defining Unicode char U+00A3 (decimal 163)
   defining Unicode char U+00AB (decimal 171)
   defining Unicode char U+00AD (decimal 173)
   defining Unicode char U+00BB (decimal 187)
   defining Unicode char U+00BF (decimal 191)
   defining Unicode char U+00C0 (decimal 192)
   defining Unicode char U+00C1 (decimal 193)
   defining Unicode char U+00C2 (decimal 194)
   defining Unicode char U+00C3 (decimal 195)
   defining Unicode char U+00C4 (decimal 196)
   defining Unicode char U+00C5 (decimal 197)
   defining Unicode char U+00C6 (decimal 198)
   defining Unicode char U+00C7 (decimal 199)
   defining Unicode char U+00C8 (decimal 200)
   defining Unicode char U+00C9 (decimal 201)
   defining Unicode char U+00CA (decimal 202)
   defining Unicode char U+00CB (decimal 203)
   defining Unicode char U+00CC (decimal 204)
   defining Unicode char U+00CD (decimal 205)
   defining Unicode char U+00CE (decimal 206)
   defining Unicode char U+00CF (decimal 207)
   defining Unicode char U+00D0 (decimal 208)
   defining Unicode char U+00D1 (decimal 209)
   defining Unicode char U+00D2 (decimal 210)
   defining Unicode char U+00D3 (decimal 211)
   defining Unicode char U+00D4 (decimal 212)
   defining Unicode char U+00D5 (decimal 213)
   defining Unicode char U+00D6 (decimal 214)
   defining Unicode char U+00D8 (decimal 216)
   defining Unicode char U+00D9 (decimal 217)
   defining Unicode char U+00DA (decimal 218)
   defining Unicode char U+00DB (decimal 219)
   defining Unicode char U+00DC (decimal 220)
   defining Unicode char U+00DD (decimal 221)
   defining Unicode char U+00DE (decimal 222)
   defining Unicode char U+00DF (decimal 223)
   defining Unicode char U+00E0 (decimal 224)
   defining Unicode char U+00E1 (decimal 225)
   defining Unicode char U+00E2 (decimal 226)
   defining Unicode char U+00E3 (decimal 227)
   defining Unicode char U+00E4 (decimal 228)
   defining Unicode char U+00E5 (decimal 229)
   defining Unicode char U+00E6 (decimal 230)
   defining Unicode char U+00E7 (decimal 231)
   defining Unicode char U+00E8 (decimal 232)
   defining Unicode char U+00E9 (decimal 233)
   defining Unicode char U+00EA (decimal 234)
   defining Unicode char U+00EB (decimal 235)
   defining Unicode char U+00EC (decimal 236)
   defining Unicode char U+00ED (decimal 237)
   defining Unicode char U+00EE (decimal 238)
   defining Unicode char U+00EF (decimal 239)
   defining Unicode char U+00F0 (decimal 240)
   defining Unicode char U+00F1 (decimal 241)
   defining Unicode char U+00F2 (decimal 242)
   defining Unicode char U+00F3 (decimal 243)
   defining Unicode char U+00F4 (decimal 244)
   defining Unicode char U+00F5 (decimal 245)
   defining Unicode char U+00F6 (decimal 246)
   defining Unicode char U+00F8 (decimal 248)
   defining Unicode char U+00F9 (decimal 249)
   defining Unicode char U+00FA (decimal 250)
   defining Unicode char U+00FB (decimal 251)
   defining Unicode char U+00FC (decimal 252)
   defining Unicode char U+00FD (decimal 253)
   defining Unicode char U+00FE (decimal 254)
   defining Unicode char U+00FF (decimal 255)
   defining Unicode char U+0100 (decimal 256)
   defining Unicode char U+0101 (decimal 257)
   defining Unicode char U+0102 (decimal 258)
   defining Unicode char U+0103 (decimal 259)
   defining Unicode char U+0104 (decimal 260)
   defining Unicode char U+0105 (decimal 261)
   defining Unicode char U+0106 (decimal 262)
   defining Unicode char U+0107 (decimal 263)
   defining Unicode char U+0108 (decimal 264)
   defining Unicode char U+0109 (decimal 265)
   defining Unicode char U+010A (decimal 266)
   defining Unicode char U+010B (decimal 267)
   defining Unicode char U+010C (decimal 268)
   defining Unicode char U+010D (decimal 269)
   defining Unicode char U+010E (decimal 270)
   defining Unicode char U+010F (decimal 271)
   defining Unicode char U+0110 (decimal 272)
   defining Unicode char U+0111 (decimal 273)
   defining Unicode char U+0112 (decimal 274)
   defining Unicode char U+0113 (decimal 275)
   defining Unicode char U+0114 (decimal 276)
   defining Unicode char U+0115 (decimal 277)
   defining Unicode char U+0116 (decimal 278)
   defining Unicode char U+0117 (decimal 279)
   defining Unicode char U+0118 (decimal 280)
   defining Unicode char U+0119 (decimal 281)
   defining Unicode char U+011A (decimal 282)
   defining Unicode char U+011B (decimal 283)
   defining Unicode char U+011C (decimal 284)
   defining Unicode char U+011D (decimal 285)
   defining Unicode char U+011E (decimal 286)
   defining Unicode char U+011F (decimal 287)
   defining Unicode char U+0120 (decimal 288)
   defining Unicode char U+0121 (decimal 289)
   defining Unicode char U+0122 (decimal 290)
   defining Unicode char U+0123 (decimal 291)
   defining Unicode char U+0124 (decimal 292)
   defining Unicode char U+0125 (decimal 293)
   defining Unicode char U+0128 (decimal 296)
   defining Unicode char U+0129 (decimal 297)
   defining Unicode char U+012A (decimal 298)
   defining Unicode char U+012B (decimal 299)
   defining Unicode char U+012C (decimal 300)
   defining Unicode char U+012D (decimal 301)
   defining Unicode char U+012E (decimal 302)
   defining Unicode char U+012F (decimal 303)
   defining Unicode char U+0130 (decimal 304)
   defining Unicode char U+0131 (decimal 305)
   defining Unicode char U+0132 (decimal 306)
   defining Unicode char U+0133 (decimal 307)
   defining Unicode char U+0134 (decimal 308)
   defining Unicode char U+0135 (decimal 309)
   defining Unicode char U+0136 (decimal 310)
   defining Unicode char U+0137 (decimal 311)
   defining Unicode char U+0139 (decimal 313)
   defining Unicode char U+013A (decimal 314)
   defining Unicode char U+013B (decimal 315)
   defining Unicode char U+013C (decimal 316)
   defining Unicode char U+013D (decimal 317)
   defining Unicode char U+013E (decimal 318)
   defining Unicode char U+0141 (decimal 321)
   defining Unicode char U+0142 (decimal 322)
   defining Unicode char U+0143 (decimal 323)
   defining Unicode char U+0144 (decimal 324)
   defining Unicode char U+0145 (decimal 325)
   defining Unicode char U+0146 (decimal 326)
   defining Unicode char U+0147 (decimal 327)
   defining Unicode char U+0148 (decimal 328)
   defining Unicode char U+014A (decimal 330)
   defining Unicode char U+014B (decimal 331)
   defining Unicode char U+014C (decimal 332)
   defining Unicode char U+014D (decimal 333)
   defining Unicode char U+014E (decimal 334)
   defining Unicode char U+014F (decimal 335)
   defining Unicode char U+0150 (decimal 336)
   defining Unicode char U+0151 (decimal 337)
   defining Unicode char U+0152 (decimal 338)
   defining Unicode char U+0153 (decimal 339)
   defining Unicode char U+0154 (decimal 340)
   defining Unicode char U+0155 (decimal 341)
   defining Unicode char U+0156 (decimal 342)
   defining Unicode char U+0157 (decimal 343)
   defining Unicode char U+0158 (decimal 344)
   defining Unicode char U+0159 (decimal 345)
   defining Unicode char U+015A (decimal 346)
   defining Unicode char U+015B (decimal 347)
   defining Unicode char U+015C (decimal 348)
   defining Unicode char U+015D (decimal 349)
   defining Unicode char U+015E (decimal 350)
   defining Unicode char U+015F (decimal 351)
   defining Unicode char U+0160 (decimal 352)
   defining Unicode char U+0161 (decimal 353)
   defining Unicode char U+0162 (decimal 354)
   defining Unicode char U+0163 (decimal 355)
   defining Unicode char U+0164 (decimal 356)
   defining Unicode char U+0165 (decimal 357)
   defining Unicode char U+0168 (decimal 360)
   defining Unicode char U+0169 (decimal 361)
   defining Unicode char U+016A (decimal 362)
   defining Unicode char U+016B (decimal 363)
   defining Unicode char U+016C (decimal 364)
   defining Unicode char U+016D (decimal 365)
   defining Unicode char U+016E (decimal 366)
   defining Unicode char U+016F (decimal 367)
   defining Unicode char U+0170 (decimal 368)
   defining Unicode char U+0171 (decimal 369)
   defining Unicode char U+0172 (decimal 370)
   defining Unicode char U+0173 (decimal 371)
   defining Unicode char U+0174 (decimal 372)
   defining Unicode char U+0175 (decimal 373)
   defining Unicode char U+0176 (decimal 374)
   defining Unicode char U+0177 (decimal 375)
   defining Unicode char U+0178 (decimal 376)
   defining Unicode char U+0179 (decimal 377)
   defining Unicode char U+017A (decimal 378)
   defining Unicode char U+017B (decimal 379)
   defining Unicode char U+017C (decimal 380)
   defining Unicode char U+017D (decimal 381)
   defining Unicode char U+017E (decimal 382)
   defining Unicode char U+01CD (decimal 461)
   defining Unicode char U+01CE (decimal 462)
   defining Unicode char U+01CF (decimal 463)
   defining Unicode char U+01D0 (decimal 464)
   defining Unicode char U+01D1 (decimal 465)
   defining Unicode char U+01D2 (decimal 466)
   defining Unicode char U+01D3 (decimal 467)
   defining Unicode char U+01D4 (decimal 468)
   defining Unicode char U+01E2 (decimal 482)
   defining Unicode char U+01E3 (decimal 483)
   defining Unicode char U+01E6 (decimal 486)
   defining Unicode char U+01E7 (decimal 487)
   defining Unicode char U+01E8 (decimal 488)
   defining Unicode char U+01E9 (decimal 489)
   defining Unicode char U+01EA (decimal 490)
   defining Unicode char U+01EB (decimal 491)
   defining Unicode char U+01F0 (decimal 496)
   defining Unicode char U+01F4 (decimal 500)
   defining Unicode char U+01F5 (decimal 501)
   defining Unicode char U+0218 (decimal 536)
   defining Unicode char U+0219 (decimal 537)
   defining Unicode char U+021A (decimal 538)
   defining Unicode char U+021B (decimal 539)
   defining Unicode char U+1E02 (decimal 7682)
   defining Unicode char U+1E03 (decimal 7683)
   defining Unicode char U+200C (decimal 8204)
   defining Unicode char U+2010 (decimal 8208)
   defining Unicode char U+2011 (decimal 8209)
   defining Unicode char U+2012 (decimal 8210)
   defining Unicode char U+2013 (decimal 8211)
   defining Unicode char U+2014 (decimal 8212)
   defining Unicode char U+2015 (decimal 8213)
   defining Unicode char U+2018 (decimal 8216)
   defining Unicode char U+2019 (decimal 8217)
   defining Unicode char U+201A (decimal 8218)
   defining Unicode char U+201C (decimal 8220)
   defining Unicode char U+201D (decimal 8221)
   defining Unicode char U+201E (decimal 8222)
   defining Unicode char U+2030 (decimal 8240)
   defining Unicode char U+2031 (decimal 8241)
   defining Unicode char U+2039 (decimal 8249)
   defining Unicode char U+203A (decimal 8250)
   defining Unicode char U+2423 (decimal 9251)
)
Now handling font encoding OT1 ...
... processing UTF-8 mapping file for font encoding OT1

("C:\Program Files\MiKTeX 2.9\tex\latex\base\ot1enc.dfu"
File: ot1enc.dfu 2016/02/28 v1.1s UTF-8 support for inputenc
   defining Unicode char U+00A0 (decimal 160)
   defining Unicode char U+00A1 (decimal 161)
   defining Unicode char U+00A3 (decimal 163)
   defining Unicode char U+00AD (decimal 173)
   defining Unicode char U+00B8 (decimal 184)
   defining Unicode char U+00BF (decimal 191)
   defining Unicode char U+00C5 (decimal 197)
   defining Unicode char U+00C6 (decimal 198)
   defining Unicode char U+00D8 (decimal 216)
   defining Unicode char U+00DF (decimal 223)
   defining Unicode char U+00E6 (decimal 230)
   defining Unicode char U+00EC (decimal 236)
   defining Unicode char U+00ED (decimal 237)
   defining Unicode char U+00EE (decimal 238)
   defining Unicode char U+00EF (decimal 239)
   defining Unicode char U+00F8 (decimal 248)
   defining Unicode char U+0131 (decimal 305)
   defining Unicode char U+0141 (decimal 321)
   defining Unicode char U+0142 (decimal 322)
   defining Unicode char U+0152 (decimal 338)
   defining Unicode char U+0153 (decimal 339)
   defining Unicode char U+0174 (decimal 372)
   defining Unicode char U+0175 (decimal 373)
   defining Unicode char U+0176 (decimal 374)
   defining Unicode char U+0177 (decimal 375)
   defining Unicode char U+0218 (decimal 536)
   defining Unicode char U+0219 (decimal 537)
   defining Unicode char U+021A (decimal 538)
   defining Unicode char U+021B (decimal 539)
   defining Unicode char U+2013 (decimal 8211)
   defining Unicode char U+2014 (decimal 8212)
   defining Unicode char U+2018 (decimal 8216)
   defining Unicode char U+2019 (decimal 8217)
   defining Unicode char U+201C (decimal 8220)
   defining Unicode char U+201D (decimal 8221)
)
Now handling font encoding OMS ...
... processing UTF-8 mapping file for font encoding OMS

("C:\Program Files\MiKTeX 2.9\tex\latex\base\omsenc.dfu"
File: omsenc.dfu 2016/02/28 v1.1s UTF-8 support for inputenc
   defining Unicode char U+00A7 (decimal 167)
   defining Unicode char U+00B6 (decimal 182)
   defining Unicode char U+00B7 (decimal 183)
   defining Unicode char U+2020 (decimal 8224)
   defining Unicode char U+2021 (decimal 8225)
   defining Unicode char U+2022 (decimal 8226)
)
Now handling font encoding OMX ...
... no UTF-8 mapping file for font encoding OMX
Now handling font encoding U ...
... no UTF-8 mapping file for font encoding U
   defining Unicode char U+00A9 (decimal 169)
   defining Unicode char U+00AA (decimal 170)
   defining Unicode char U+00AE (decimal 174)
   defining Unicode char U+00BA (decimal 186)
   defining Unicode char U+02C6 (decimal 710)
   defining Unicode char U+02DC (decimal 732)
   defining Unicode char U+200C (decimal 8204)
   defining Unicode char U+2026 (decimal 8230)
   defining Unicode char U+2122 (decimal 8482)
   defining Unicode char U+2423 (decimal 9251)
))
("C:\Program Files\MiKTeX 2.9\tex\latex\base\fontenc.sty"
Package: fontenc 2005/09/27 v1.99g Standard LaTeX package

("C:\Program Files\MiKTeX 2.9\tex\latex\base\t1enc.def"
File: t1enc.def 2005/09/27 v1.99g Standard LaTeX file
LaTeX Font Info:    Redeclaring font encoding T1 on input line 48.
))
(C:\Users\ktkachuk\AppData\Roaming\MiKTeX\2.9\tex\latex\algorithms\algorithm.st
y
Package: algorithm 2009/08/24 v0.1 Document Style `algorithm' - floating enviro
nment
 ("C:\Program Files\MiKTeX 2.9\tex\latex\float\float.sty"
Package: float 2001/11/08 v1.3d Float enhancements (AL)
\c@float@type=\count111
\float@exts=\toks41
\float@box=\box28
\@float@everytoks=\toks42
\@floatcapt=\box29
)
\@float@every@algorithm=\toks43
\c@algorithm=\count112
)
(C:\Users\ktkachuk\AppData\Roaming\MiKTeX\2.9\tex\latex\algorithmicx\algpseudoc
ode.sty
Package: algpseudocode 

(C:\Users\ktkachuk\AppData\Roaming\MiKTeX\2.9\tex\latex\algorithmicx\algorithmi
cx.sty
Package: algorithmicx 2005/04/27 v1.2 Algorithmicx

Document Style algorithmicx 1.2 - a greatly improved `algorithmic' style
\c@ALG@line=\count113
\c@ALG@rem=\count114
\c@ALG@nested=\count115
\ALG@tlm=\skip61
\ALG@thistlm=\skip62
\c@ALG@Lnr=\count116
\c@ALG@blocknr=\count117
\c@ALG@storecount=\count118
\c@ALG@tmpcounter=\count119
\ALG@tmplength=\skip63
)
Document Style - pseudocode environments for use with the `algorithmicx' style
) ("C:\Program Files\MiKTeX 2.9\tex\latex\tools\enumerate.sty"
Package: enumerate 2015/07/23 v3.00 enumerate extensions (DPC)
\@enLab=\toks44
)
(C:\Users\ktkachuk\AppData\Roaming\MiKTeX\2.9\tex\latex\germbib\bibgerm.sty
Package: bibgerm 2000/08/18 v0.1 Support for mixed language bibliographies

** Macros for german `BibTeX'ing added to Style Option `german' 20 Apr 1993 **
** idea and languages `german' and `USenglish' implemented by M. Wallmeier **
** Modified for LaTeX 2e and german.sty 2.5b by A. Scherer 1 Nov 1995 **
** Modified for ngerman.sty and babel.sty by H. Harders 21 August 2000 **)
(C:\Users\ktkachuk\AppData\Roaming\MiKTeX\2.9\tex\latex\url\url.sty
\Urlmuskip=\muskip11
Package: url 2013/09/16  ver 3.4  Verb mode for urls, etc.
)
(C:\Users\ktkachuk\AppData\Roaming\MiKTeX\2.9\tex\latex\listings\listings.sty
\lst@mode=\count120
\lst@gtempboxa=\box30
\lst@token=\toks45
\lst@length=\count121
\lst@currlwidth=\dimen131
\lst@column=\count122
\lst@pos=\count123
\lst@lostspace=\dimen132
\lst@width=\dimen133
\lst@newlines=\count124
\lst@lineno=\count125
\lst@maxwidth=\dimen134

(C:\Users\ktkachuk\AppData\Roaming\MiKTeX\2.9\tex\latex\listings\lstmisc.sty
File: lstmisc.sty 2015/06/04 1.6 (Carsten Heinz)
\c@lstnumber=\count126
\lst@skipnumbers=\count127
\lst@framebox=\box31
)
(C:\Users\ktkachuk\AppData\Roaming\MiKTeX\2.9\tex\latex\listings\listings.cfg
File: listings.cfg 2015/06/04 1.6 listings configuration
))
Package: listings 2015/06/04 1.6 (Carsten Heinz)
(C:\Users\ktkachuk\AppData\Roaming\MiKTeX\2.9\tex\latex\xcolor\xcolor.sty
Package: xcolor 2016/05/11 v2.12 LaTeX color extensions (UK)

("C:\Program Files\MiKTeX 2.9\tex\latex\00miktex\color.cfg"
File: color.cfg 2016/01/02 v1.6 sample color configuration
)
Package xcolor Info: Driver file: pdftex.def on input line 225.
LaTeX Info: Redefining \color on input line 709.
Package xcolor Info: Model `cmy' substituted by `cmy0' on input line 1348.
Package xcolor Info: Model `hsb' substituted by `rgb' on input line 1352.
Package xcolor Info: Model `RGB' extended on input line 1364.
Package xcolor Info: Model `HTML' substituted by `rgb' on input line 1366.
Package xcolor Info: Model `Hsb' substituted by `hsb' on input line 1367.
Package xcolor Info: Model `tHsb' substituted by `hsb' on input line 1368.
Package xcolor Info: Model `HSB' substituted by `hsb' on input line 1369.
Package xcolor Info: Model `Gray' substituted by `gray' on input line 1370.
Package xcolor Info: Model `wave' substituted by `hsb' on input line 1371.
)
(C:\Users\ktkachuk\AppData\Roaming\MiKTeX\2.9\tex\latex\caption\caption.sty
Package: caption 2016/02/21 v3.3-144 Customizing captions (AR)

(C:\Users\ktkachuk\AppData\Roaming\MiKTeX\2.9\tex\latex\caption\caption3.sty
Package: caption3 2016/05/22 v1.7-166 caption3 kernel (AR)
Package caption3 Info: TeX engine: e-TeX on input line 67.
\captionmargin=\dimen135
\captionmargin@=\dimen136
\captionwidth=\dimen137
\caption@tempdima=\dimen138
\caption@indent=\dimen139
\caption@parindent=\dimen140
\caption@hangindent=\dimen141
)
\c@ContinuedFloat=\count128
Package caption Info: float package is loaded.
Package caption Info: listings package is loaded.
Package caption Info: subfigure package is loaded.
)
\c@currtheoremctr=\count129
\c@endtheoremctr=\count130
\c@theorem=\count131
\c@currsatzctr=\count132
\c@endsatzctr=\count133
\c@currlemmactr=\count134
\c@endlemmactr=\count135
\c@currkorollarctr=\count136
\c@endkorollarctr=\count137
\c@currpropositionctr=\count138
\c@endpropositionctr=\count139
\c@currtheorem*ctr=\count140
\c@endtheorem*ctr=\count141
\c@theorem*=\count142
\c@currsatz*ctr=\count143
\c@endsatz*ctr=\count144
\c@satz*=\count145
\c@currlemma*ctr=\count146
\c@endlemma*ctr=\count147
\c@lemma*=\count148
\c@currkorollar*ctr=\count149
\c@endkorollar*ctr=\count150
\c@korollar*=\count151
\c@currproposition*ctr=\count152
\c@endproposition*ctr=\count153
\c@proposition*=\count154
\c@currdefinitionctr=\count155
\c@enddefinitionctr=\count156
\c@currdefinition*ctr=\count157
\c@enddefinition*ctr=\count158
\c@definition*=\count159
\c@currnotationctr=\count160
\c@endnotationctr=\count161
\c@notation=\count162
\c@currkonventionctr=\count163
\c@endkonventionctr=\count164
\c@konvention=\count165
\c@currbezeichnungctr=\count166
\c@endbezeichnungctr=\count167
\c@bezeichnung=\count168
\c@currbeweisctr=\count169
\c@endbeweisctr=\count170
\c@beweis=\count171
\c@currbemerkungctr=\count172
\c@endbemerkungctr=\count173
\c@currbeobachtungctr=\count174
\c@endbeobachtungctr=\count175
\c@currbeispielctr=\count176
\c@endbeispielctr=\count177
\c@currproblemctr=\count178
\c@endproblemctr=\count179
\c@problem=\count180
\c@currbemerkung*ctr=\count181
\c@endbemerkung*ctr=\count182
\c@bemerkung*=\count183
\c@currbeispiel*ctr=\count184
\c@endbeispiel*ctr=\count185
\c@beispiel*=\count186
\c@currproblem*ctr=\count187
\c@endproblem*ctr=\count188
\c@problem*=\count189

("C:\Program Files\MiKTeX 2.9\tex\latex\tools\xspace.sty"
Package: xspace 2014/10/28 v1.13 Space after command names (DPC,MH)
))

LaTeX Warning: Unused global option(s):
    [color].

(main.aux (kapitel/titelseite.aux) (kapitel/vorwort.aux)
(kapitel/einleitung.aux) (kapitel/standforschung.aux) (kapitel/esh.aux)
(kapitel/entwurf.aux) (kapitel/implementierung.aux) (kapitel/evaluation.aux)
(kapitel/zusammenfassung.aux) (kapitel/anhang.aux) (kapitel/erklaerung.aux))
\openout1 = `main.aux'.

LaTeX Font Info:    Checking defaults for OML/cmm/m/it on input line 3.
LaTeX Font Info:    ... okay on input line 3.
LaTeX Font Info:    Checking defaults for T1/cmr/m/n on input line 3.
LaTeX Font Info:    ... okay on input line 3.
LaTeX Font Info:    Checking defaults for OT1/cmr/m/n on input line 3.
LaTeX Font Info:    ... okay on input line 3.
LaTeX Font Info:    Checking defaults for OMS/cmsy/m/n on input line 3.
LaTeX Font Info:    ... okay on input line 3.
LaTeX Font Info:    Checking defaults for OMX/cmex/m/n on input line 3.
LaTeX Font Info:    ... okay on input line 3.
LaTeX Font Info:    Checking defaults for U/cmr/m/n on input line 3.
LaTeX Font Info:    ... okay on input line 3.

*geometry* driver: auto-detecting
*geometry* detected driver: pdftex
*geometry* verbose mode - [ preamble ] result:
* driver: pdftex
* paper: a4paper
* layout: <same size as paper>
* layoutoffset:(h,v)=(0.0pt,0.0pt)
* modes: twoside 
* h-part:(L,W,R)=(99.58464pt, 426.79135pt, 71.13188pt)
* v-part:(T,H,B)=(85.35826pt, 660.10394pt, 99.58464pt)
* \paperwidth=597.50787pt
* \paperheight=845.04684pt
* \textwidth=426.79135pt
* \textheight=660.10394pt
* \oddsidemargin=27.31465pt
* \evensidemargin=-1.1381pt
* \topmargin=-18.78552pt
* \headheight=12.0pt
* \headsep=19.8738pt
* \topskip=11.0pt
* \footskip=27.46295pt
* \marginparwidth=106.0pt
* \marginparsep=7.0pt
* \columnsep=10.0pt
* \skip\footins=10.0pt plus 4.0pt minus 2.0pt
* \hoffset=0.0pt
* \voffset=0.0pt
* \mag=1000
* \@twocolumnfalse
* \@twosidetrue
* \@mparswitchtrue
* \@reversemarginfalse
* (1in=72.27pt=25.4mm, 1cm=28.453pt)

(C:\Users\ktkachuk\AppData\Roaming\MiKTeX\2.9\tex\context\base\supp-pdf.mkii
[Loading MPS to PDF converter (version 2006.09.02).]
\scratchcounter=\count190
\scratchdimen=\dimen142
\scratchbox=\box32
\nofMPsegments=\count191
\nofMParguments=\count192
\everyMPshowfont=\toks46
\MPscratchCnt=\count193
\MPscratchDim=\dimen143
\MPnumerator=\count194
\makeMPintoPDFobject=\count195
\everyMPtoPDFconversion=\toks47
) ("C:\Program Files\MiKTeX 2.9\tex\generic\oberdiek\pdftexcmds.sty"
Package: pdftexcmds 2016/05/21 v0.22 Utility functions of pdfTeX for LuaTeX (HO
)

("C:\Program Files\MiKTeX 2.9\tex\generic\oberdiek\ifluatex.sty"
Package: ifluatex 2016/05/16 v1.4 Provides the ifluatex switch (HO)
Package ifluatex Info: LuaTeX not detected.
)
Package pdftexcmds Info: LuaTeX not detected.
Package pdftexcmds Info: \pdf@primitive is available.
Package pdftexcmds Info: \pdf@ifprimitive is available.
Package pdftexcmds Info: \pdfdraftmode found.
)
("C:\Program Files\MiKTeX 2.9\tex\latex\oberdiek\epstopdf-base.sty"
Package: epstopdf-base 2016/05/15 v2.6 Base part for package epstopdf

("C:\Program Files\MiKTeX 2.9\tex\latex\oberdiek\grfext.sty"
Package: grfext 2016/05/16 v1.2 Manage graphics extensions (HO)

("C:\Program Files\MiKTeX 2.9\tex\generic\oberdiek\kvdefinekeys.sty"
Package: kvdefinekeys 2016/05/16 v1.4 Define keys (HO)
))
("C:\Program Files\MiKTeX 2.9\tex\latex\oberdiek\kvoptions.sty"
Package: kvoptions 2016/05/16 v3.12 Key value format for package options (HO)

("C:\Program Files\MiKTeX 2.9\tex\generic\oberdiek\kvsetkeys.sty"
Package: kvsetkeys 2016/05/16 v1.17 Key value parser (HO)

("C:\Program Files\MiKTeX 2.9\tex\generic\oberdiek\etexcmds.sty"
Package: etexcmds 2016/05/16 v1.6 Avoid name clashes with e-TeX commands (HO)
Package etexcmds Info: Could not find \expanded.
(etexcmds)             That can mean that you are not using pdfTeX 1.50 or
(etexcmds)             that some package has redefined \expanded.
(etexcmds)             In the latter case, load this package earlier.
)))
Package grfext Info: Graphics extension search list:
(grfext)             [.png,.pdf,.jpg,.mps,.jpeg,.jbig2,.jb2,.PNG,.PDF,.JPG,.JPE
G,.JBIG2,.JB2,.eps]
(grfext)             \AppendGraphicsExtensions on input line 456.
)

bibgerm.sty: babel.sty detected

\c@lstlisting=\count196
Package caption Info: Begin \AtBeginDocument code.
Package caption Info: End \AtBeginDocument code.
\openout2 = `kapitel/titelseite.aux'.

(kapitel/titelseite.tex
\links=\skip64
LaTeX Font Info:    Try loading font information for T1+cmss on input line 6.
 ("C:\Program Files\MiKTeX 2.9\tex\latex\base\t1cmss.fd"
File: t1cmss.fd 2014/09/29 v2.5h Standard LaTeX font definitions
) <bilder/tud_logo_rgb.jpg, id=1, 338.9463pt x 54.6843pt>
File: bilder/tud_logo_rgb.jpg Graphic file (type jpg)

<use bilder/tud_logo_rgb.jpg>
Package pdftex.def Info: bilder/tud_logo_rgb.jpg used on input line 9.
(pdftex.def)             Requested size: 227.62204pt x 36.72421pt.
LaTeX Font Info:    Try loading font information for U+msa on input line 12.

("C:\Program Files\MiKTeX 2.9\tex\latex\amsfonts\umsa.fd"
File: umsa.fd 2013/01/14 v3.01 AMS symbols A
)
LaTeX Font Info:    Try loading font information for U+msb on input line 12.

("C:\Program Files\MiKTeX 2.9\tex\latex\amsfonts\umsb.fd"
File: umsb.fd 2013/01/14 v3.01 AMS symbols B
)
Overfull \hbox (7.60918pt too wide) in paragraph at lines 47--66
[]|  [] [] 
 []


Underfull \vbox (badness 10000) has occurred while \output is active []

 [1





]
Overfull \vbox (9.05292pt too high) has occurred while \output is active []


[2{C:/Users/ktkachuk/AppData/Local/MiKTeX/2.9/pdftex/config/pdftex.map} <./bild
er/tud_logo_rgb.jpg>])
\openout2 = `kapitel/vorwort.aux'.

 (kapitel/vorwort.tex) [1




] [2


] (main.toc [3] [4])
\tf@toc=\write3
\openout3 = `main.toc'.


[5] [6

]
\openout2 = `kapitel/einleitung.aux'.

 (kapitel/einleitung.tex
Kapitel 1.
<bilder/hype.png, id=36, 451.6875pt x 301.125pt>
File: bilder/hype.png Graphic file (type png)
 <use bilder/hype.png>
Package pdftex.def Info: bilder/hype.png used on input line 8.
(pdftex.def)             Requested size: 451.68639pt x 301.12425pt.

Overfull \hbox (24.89503pt too wide) in paragraph at lines 8--9
 [][] 
 []


Underfull \vbox (badness 6658) has occurred while \output is active []

 [1


 <./bilder/hype.png>]
Underfull \hbox (badness 10000) in paragraph at lines 15--16

 []


Underfull \hbox (badness 10000) in paragraph at lines 17--18

 []


Underfull \hbox (badness 10000) in paragraph at lines 19--22

 []

[2]) [3]
\openout2 = `kapitel/standforschung.aux'.

 (kapitel/standforschung.tex [4



]
Kapitel 2.

Underfull \hbox (badness 10000) in paragraph at lines 7--9

 []


Underfull \hbox (badness 10000) in paragraph at lines 10--12

 []


Underfull \hbox (badness 10000) in paragraph at lines 13--14

 []


Underfull \hbox (badness 10000) in paragraph at lines 15--16

 []

[5] <bilder/ierc.png, id=58, 590.205pt x 590.205pt>
File: bilder/ierc.png Graphic file (type png)
 <use bilder/ierc.png>
Package pdftex.def Info: bilder/ierc.png used on input line 19.
(pdftex.def)             Requested size: 426.79135pt x 426.80246pt.

Underfull \vbox (badness 10000) has occurred while \output is active []

 [6 <./bilder/ierc.png>]
Underfull \hbox (badness 10000) in paragraph at lines 28--29

 []

<bilder/iot_market_share.png, id=62, 549.55313pt x 555.57562pt>
File: bilder/iot_market_share.png Graphic file (type png)

<use bilder/iot_market_share.png>
Package pdftex.def Info: bilder/iot_market_share.png used on input line 33.
(pdftex.def)             Requested size: 426.79135pt x 431.48221pt.
 [7 <./bilder/iot_market_share.png>]
Underfull \hbox (badness 10000) in paragraph at lines 42--43

 []


Underfull \hbox (badness 10000) in paragraph at lines 54--55

 []


Underfull \hbox (badness 10000) in paragraph at lines 56--57

 []


Underfull \vbox (badness 5519) has occurred while \output is active []

 [8]
<bilder/TASOverview.png, id=70, 863.47594pt x 643.6547pt>
File: bilder/TASOverview.png Graphic file (type png)

<use bilder/TASOverview.png>
Package pdftex.def Info: bilder/TASOverview.png used on input line 76.
(pdftex.def)             Requested size: 426.79135pt x 318.13371pt.


LaTeX Warning: `h' float specifier changed to `ht'.

[9]
Underfull \vbox (badness 1377) has occurred while \output is active []

 [10 <./bilder/TASOverview.png>]
Underfull \hbox (badness 10000) in paragraph at lines 110--111

 []

[11] [12]) [13]
\openout2 = `kapitel/esh.aux'.

 (kapitel/esh.tex [14



]
Kapitel 3.
<bilder/osgi.png, id=90, 353.32pt x 126.4725pt>
File: bilder/osgi.png Graphic file (type png)
 <use bilder/osgi.png>
Package pdftex.def Info: bilder/osgi.png used on input line 15.
(pdftex.def)             Requested size: 353.31914pt x 126.47218pt.

Underfull \hbox (badness 10000) in paragraph at lines 20--21

 []

[15 <./bilder/osgi.png>]
Underfull \hbox (badness 10000) in paragraph at lines 28--29

 []

<bilder/esh_model.png, id=96, 295.60437pt x 179.16937pt>
File: bilder/esh_model.png Graphic file (type png)

<use bilder/esh_model.png>
Package pdftex.def Info: bilder/esh_model.png used on input line 37.
(pdftex.def)             Requested size: 426.79135pt x 258.6899pt.


LaTeX Warning: `h' float specifier changed to `ht'.

[16] [17 <./bilder/esh_model.png>]
Underfull \hbox (badness 10000) in paragraph at lines 71--72

 []


Underfull \hbox (badness 10000) in paragraph at lines 73--74

 []

[18] [19]
Overfull \hbox (17.03127pt too wide) in paragraph at lines 96--97
\T1/cmr/m/n/10.95 Eclipse Smar-tHo-me un-ter-stützt die Mög-lich-keit vie-le En
-ti-tä-ten de-kla-ra-tiv im JSON-Format[[]]
 []


Underfull \hbox (badness 10000) in paragraph at lines 96--97

 []


Underfull \hbox (badness 10000) in paragraph at lines 98--99

 []

[20]
Underfull \hbox (badness 10000) in paragraph at lines 110--112

 []

) [21]
\openout2 = `kapitel/entwurf.aux'.

 (kapitel/entwurf.tex [22



]
Kapitel 4.
<bilder/entwurf_comp.png, id=121, 408.77719pt x 353.06906pt>
File: bilder/entwurf_comp.png Graphic file (type png)

<use bilder/entwurf_comp.png>
Package pdftex.def Info: bilder/entwurf_comp.png used on input line 10.
(pdftex.def)             Requested size: 408.77618pt x 353.06819pt.

Underfull \hbox (badness 10000) in paragraph at lines 17--18

 []


Underfull \vbox (badness 1609) has occurred while \output is active []

 [23 <./bilder/entwurf_comp.png>]
Underfull \hbox (badness 10000) in paragraph at lines 19--20

 []


Underfull \hbox (badness 10000) in paragraph at lines 30--31

 []


Underfull \vbox (badness 10000) has occurred while \output is active []

 [24]
[25]
Underfull \hbox (badness 10000) in paragraph at lines 62--63

 []


Underfull \hbox (badness 10000) in paragraph at lines 67--68

 []


Underfull \hbox (badness 10000) in paragraph at lines 74--75

 []

[26]
Underfull \hbox (badness 10000) in paragraph at lines 96--97

 []


Underfull \vbox (badness 10000) has occurred while \output is active []

 [27]
Underfull \hbox (badness 10000) in paragraph at lines 101--102

 []


Underfull \hbox (badness 10000) in paragraph at lines 103--104

 []


Underfull \hbox (badness 10000) in paragraph at lines 107--108

 []

[28]
Underfull \hbox (badness 10000) in paragraph at lines 115--116

 []

) [29]
\openout2 = `kapitel/implementierung.aux'.

 (kapitel/implementierung.tex [30



]
Kapitel 5.

Overfull \hbox (7.77118pt too wide) in paragraph at lines 8--9
[]\T1/cmr/m/it/10.95 tka.binding.twitter\T1/cmr/m/n/10.95 , \T1/cmr/m/it/10.95 
tka.binding.dropbox\T1/cmr/m/n/10.95 , \T1/cmr/m/it/10.95 tka.binding.weather \
T1/cmr/m/n/10.95 und \T1/cmr/m/it/10.95 tka.binding.gmail \T1/cmr/m/n/10.95 sin
d
 []


Overfull \hbox (3.27876pt too wide) in paragraph at lines 9--10
[]\T1/cmr/m/n/10.95 Das \T1/cmr/m/it/10.95 tka.flashui \T1/cmr/m/n/10.95 Bund-l
e stellt ei-ne Be-nut-ze-ro-ber-flä-che be-reit, über die neue Webservice-
 []

<bilder/ConnectionService.png, id=149, 661.47125pt x 634.37pt>
File: bilder/ConnectionService.png Graphic file (type png)

<use bilder/ConnectionService.png>
Package pdftex.def Info: bilder/ConnectionService.png used on input line 23.
(pdftex.def)             Requested size: 426.79135pt x 409.29619pt.


LaTeX Warning: `h' float specifier changed to `ht'.

[31]
Underfull \hbox (badness 10000) in paragraph at lines 32--33

 []


Underfull \vbox (badness 10000) has occurred while \output is active []

 [32 <./bilder/ConnectionService.png (PNG copy)>]
Underfull \hbox (badness 10000) in paragraph at lines 52--53

 []

[33]
Underfull \hbox (badness 10000) in paragraph at lines 54--55

 []


Underfull \hbox (badness 10000) in paragraph at lines 56--57

 []


Underfull \hbox (badness 10000) in paragraph at lines 67--68

 []


Overfull \hbox (1.68083pt too wide) in paragraph at lines 81--90
 [][] 
 []


LaTeX Warning: `h' float specifier changed to `ht'.

[34]
Underfull \hbox (badness 10000) in paragraph at lines 97--98

 []


Underfull \hbox (badness 10000) in paragraph at lines 99--100

 []


Underfull \hbox (badness 10000) in paragraph at lines 101--102

 []

[35]
Underfull \hbox (badness 10000) in paragraph at lines 129--130

 []

[36]
Underfull \hbox (badness 10000) in paragraph at lines 141--142

 []


Underfull \hbox (badness 10000) in paragraph at lines 143--144

 []

[37]
Underfull \hbox (badness 10000) in paragraph at lines 150--151

 []

<bilder/gui_all4_1.png, id=172, 885.3075pt x 690.32906pt>
File: bilder/gui_all4_1.png Graphic file (type png)

<use bilder/gui_all4_1.png>
Package pdftex.def Info: bilder/gui_all4_1.png used on input line 154.
(pdftex.def)             Requested size: 885.30533pt x 690.32738pt.

Underfull \hbox (badness 10000) in paragraph at lines 170--171

 []

<bilder/gui_all4_4.png, id=173, 889.82437pt x 472.76625pt>
File: bilder/gui_all4_4.png Graphic file (type png)

<use bilder/gui_all4_4.png>
Package pdftex.def Info: bilder/gui_all4_4.png used on input line 174.
(pdftex.def)             Requested size: 889.8222pt x 472.76509pt.


LaTeX Warning: Float too large for page by 24.99869pt on input line 177.


Underfull \hbox (badness 10000) in paragraph at lines 179--180

 []


Underfull \hbox (badness 10000) in paragraph at lines 184--185

 []

[38] [39 <./bilder/gui_all4_1.png>] [40 <./bilder/gui_all4_4.png>]
LaTeX Font Info:    Try loading font information for T1+cmtt on input line 195.


("C:\Program Files\MiKTeX 2.9\tex\latex\base\t1cmtt.fd"
File: t1cmtt.fd 2014/09/29 v2.5h Standard LaTeX font definitions
) [41] [42] [43]
<bilder/sequenceOAuth.png, id=196, 874.76813pt x 520.94624pt>
File: bilder/sequenceOAuth.png Graphic file (type png)

<use bilder/sequenceOAuth.png>
Package pdftex.def Info: bilder/sequenceOAuth.png used on input line 291.
(pdftex.def)             Requested size: 874.76599pt x 520.94498pt.


LaTeX Warning: Float too large for page by 25.0016pt on input line 294.


LaTeX Warning: `h' float specifier changed to `ht'.

[44]) [45] [46 <./bilder/sequenceOAuth.png>]
\openout2 = `kapitel/evaluation.aux'.

 (kapitel/evaluation.tex
Kapitel 6.

Underfull \hbox (badness 10000) in paragraph at lines 16--17

 []

[47



] <bilder/TASOverview_eval.png, id=211, 936.49875pt x 643.6547pt>
File: bilder/TASOverview_eval.png Graphic file (type png)

<use bilder/TASOverview_eval.png>
Package pdftex.def Info: bilder/TASOverview_eval.png used on input line 20.
(pdftex.def)             Requested size: 426.79135pt x 293.33476pt.

Underfull \vbox (badness 2932) has occurred while \output is active []

 [48 <./bilder/TASOverview_eval.png>]
<bilder/vs_mittelwert2.png, id=216, 362.3136pt x 217.7736pt>
File: bilder/vs_mittelwert2.png Graphic file (type png)

<use bilder/vs_mittelwert2.png>
Package pdftex.def Info: bilder/vs_mittelwert2.png used on input line 43.
(pdftex.def)             Requested size: 426.79135pt x 256.52866pt.

<bilder/vs_laengste2.png, id=217, 362.3136pt x 217.7736pt>
File: bilder/vs_laengste2.png Graphic file (type png)

<use bilder/vs_laengste2.png>
Package pdftex.def Info: bilder/vs_laengste2.png used on input line 50.
(pdftex.def)             Requested size: 426.79135pt x 256.52866pt.
 [49 <./bilder/vs_mittelwert2.png>] [50 <./bilder/vs_laengste2.png>]
Underfull \hbox (badness 10000) in paragraph at lines 76--77

 []


Underfull \hbox (badness 10000) in paragraph at lines 80--81

 []

[51]
Underfull \hbox (badness 10000) in paragraph at lines 89--90

 []

[52]) [53]
\openout2 = `kapitel/zusammenfassung.aux'.

 (kapitel/zusammenfassung.tex [54



]
Kapitel 7.

Underfull \hbox (badness 10000) in paragraph at lines 5--6

 []


Underfull \hbox (badness 10000) in paragraph at lines 7--8

 []


Underfull \hbox (badness 10000) in paragraph at lines 9--10

 []


Underfull \hbox (badness 10000) in paragraph at lines 11--12

 []


Underfull \vbox (badness 4859) has occurred while \output is active []

 [55]
Underfull \hbox (badness 10000) in paragraph at lines 25--26

 []


Underfull \hbox (badness 10000) in paragraph at lines 27--28

 []


Underfull \hbox (badness 10000) in paragraph at lines 29--30

 []

[56]
Underfull \hbox (badness 10000) in paragraph at lines 35--36

 []

) [57]
\openout2 = `kapitel/anhang.aux'.

 (kapitel/anhang.tex [58



]
Anhang A.
) [59] [60


] (main.lof)
\tf@lof=\write4
\openout4 = `main.lof'.

 [61] [62

] (main.bbl
Underfull \hbox (badness 1975) in paragraph at lines 70--74
[]\T1/cmr/m/it/10.95 Raspberry Pi\T1/cmr/m/n/10.95 .  Availa-ble on-li-ne at $\
T1/cmtt/m/n/10.95 https : / / www . raspberrypi . org / products /
 []

[63

] [64] [65]) [66]
\openout2 = `kapitel/erklaerung.aux'.

 (kapitel/erklaerung.tex)
Underfull \hbox (badness 10000) in paragraph at lines 4--39

 []


Underfull \hbox (badness 10000) in paragraph at lines 4--39

 []


Underfull \hbox (badness 10000) in paragraph at lines 4--39

 []


Underfull \hbox (badness 10000) in paragraph at lines 4--39

 []

[67


] [68


]
\tf@thm=\write5
\openout5 = `main.thm'.

 (main.aux (kapitel/titelseite.aux) (kapitel/vorwort.aux)
(kapitel/einleitung.aux) (kapitel/standforschung.aux) (kapitel/esh.aux)
(kapitel/entwurf.aux) (kapitel/implementierung.aux) (kapitel/evaluation.aux)
(kapitel/zusammenfassung.aux) (kapitel/anhang.aux) (kapitel/erklaerung.aux)) ) 
Here is how much of TeX's memory you used:
 9201 strings out of 493335
 128758 string characters out of 3139252
 259779 words of memory out of 3000000
 12442 multiletter control sequences out of 15000+200000
 24596 words of font info for 54 fonts, out of 3000000 for 9000
 1141 hyphenation exceptions out of 8191
 40i,8n,42p,938b,1891s stack positions out of 5000i,500n,10000p,200000b,50000s
 
<C:\Users\ktkachuk\AppData\Local\MiKTeX\2.9\fonts\pk\ljfour\jknappen\ec\dpi600\
eccc1095.pk> <C:\Users\ktkachuk\AppData\Local\MiKTeX\2.9\fonts\pk\ljfour\jknapp
en\ec\dpi600\ectt1095.pk> <C:\Users\ktkachuk\AppData\Local\MiKTeX\2.9\fonts\pk\
ljfour\jknappen\ec\dpi600\ecrm0800.pk> <C:\Users\ktkachuk\AppData\Local\MiKTeX\
2.9\fonts\pk\ljfour\jknappen\ec\dpi600\ecti1000.pk> <C:\Users\ktkachuk\AppData\
Local\MiKTeX\2.9\fonts\pk\ljfour\jknappen\ec\dpi600\ecbx1200.pk> <C:\Users\ktka
chuk\AppData\Local\MiKTeX\2.9\fonts\pk\ljfour\jknappen\ec\dpi600\ecti1095.pk> <
C:\Users\ktkachuk\AppData\Local\MiKTeX\2.9\fonts\pk\ljfour\jknappen\ec\dpi600\e
crm1000.pk> <C:\Users\ktkachuk\AppData\Local\MiKTeX\2.9\fonts\pk\ljfour\jknappe
n\ec\dpi600\ecbx1000.pk> <C:\Users\ktkachuk\AppData\Local\MiKTeX\2.9\fonts\pk\l
jfour\jknappen\ec\dpi600\ecbx1440.pk> <C:\Users\ktkachuk\AppData\Local\MiKTeX\2
.9\fonts\pk\ljfour\jknappen\ec\dpi600\ecbx2074.pk> <C:\Users\ktkachuk\AppData\L
ocal\MiKTeX\2.9\fonts\pk\ljfour\jknappen\ec\dpi600\ecsl1095.pk> <C:\Users\ktkac
huk\AppData\Local\MiKTeX\2.9\fonts\pk\ljfour\jknappen\ec\dpi600\ecbx2488.pk> <C
:\Users\ktkachuk\AppData\Local\MiKTeX\2.9\fonts\pk\ljfour\jknappen\ec\dpi600\ec
bx1095.pk> <C:\Users\ktkachuk\AppData\Local\MiKTeX\2.9\fonts\pk\ljfour\jknappen
\ec\dpi600\ecss1095.pk> <C:\Users\ktkachuk\AppData\Local\MiKTeX\2.9\fonts\pk\lj
four\jknappen\ec\dpi600\ecss1200.pk> <C:\Users\ktkachuk\AppData\Local\MiKTeX\2.
9\fonts\pk\ljfour\jknappen\ec\dpi600\ecsx1200.pk> <C:\Users\ktkachuk\AppData\Lo
cal\MiKTeX\2.9\fonts\pk\ljfour\jknappen\ec\dpi600\ecss1440.pk> <C:\Users\ktkach
uk\AppData\Local\MiKTeX\2.9\fonts\pk\ljfour\jknappen\ec\dpi600\ecrm1095.pk>
Output written on main.pdf (76 pages, 1379404 bytes).
PDF statistics:
 1084 PDF objects out of 1200 (max. 8388607)
 0 named destinations out of 1000 (max. 500000)
 76 words of extra memory for PDF output out of 10000 (max. 10000000)

